[debug] [2021-03-31T14:46:41.878Z] ----------------------------------------------------------------------
[debug] [2021-03-31T14:46:41.880Z] Command:       C:\Program Files\nodejs\node.exe C:\Users\berti\AppData\Roaming\npm\node_modules\firebase-tools\lib\bin\firebase.js init
[debug] [2021-03-31T14:46:41.880Z] CLI Version:   9.8.0
[debug] [2021-03-31T14:46:41.880Z] Platform:      win32
[debug] [2021-03-31T14:46:41.880Z] Node Version:  v14.16.0
[debug] [2021-03-31T14:46:41.881Z] Time:          Wed Mar 31 2021 10:46:41 GMT-0400 (Eastern Daylight Time)
[debug] [2021-03-31T14:46:41.881Z] ----------------------------------------------------------------------
[debug] 
[debug] [2021-03-31T14:46:41.884Z] > command requires scopes: ["email","openid","https://www.googleapis.com/auth/cloudplatformprojects.readonly","https://www.googleapis.com/auth/firebase","https://www.googleapis.com/auth/cloud-platform"]
[debug] [2021-03-31T14:46:41.885Z] > authorizing via signed-in user
[info] 
     ######## #### ########  ######## ########     ###     ######  ########
     ##        ##  ##     ## ##       ##     ##  ##   ##  ##       ##
     ######    ##  ########  ######   ########  #########  ######  ######
     ##        ##  ##    ##  ##       ##     ## ##     ##       ## ##
     ##       #### ##     ## ######## ########  ##     ##  ######  ########

You're about to initialize a Firebase project in this directory:

  C:\Code\Capstone\video_archive

Before we get started, keep in mind:

  * You are currently outside your home directory
  * You are initializing in an existing Firebase project directory

